<?xml version="1.0" encoding="UTF-8"?>
<!-- Generated by org.testng.reporters.JUnitXMLReporter -->
<testsuite hostname="HJNZL002173" ignored="0" name="Command line test" tests="21" failures="1" timestamp="18 Dec 2021 10:07:30 GMT" time="118.631" errors="0">
  <testcase name="developerTest" time="7.803" classname="com.TestCases.DeveloperPageTest"/>
  <testcase name="AssertText" time="11.872" classname="com.TestCases.GraphPageTest"/>
  <testcase name="MousHover" time="4.366" classname="com.TestCases.HomePageTest"/>
  <testcase name="Editable" time="2.003" classname="com.TestCases.LoginPageTest"/>
  <testcase name="EditableLogin" time="2.227" classname="com.TestCases.RegisterPageTest"/>
  <testcase name="AssertText" time="8.285" classname="com.TestCases.SearchPageTest"/>
  <testcase name="MousHover" time="3.817" classname="com.TestCases.DeveloperPageTest"/>
  <testcase name="clickButton" time="9.215" classname="com.TestCases.GraphPageTest"/>
  <testcase name="AssertText" time="1.777" classname="com.TestCases.HomePageTest"/>
  <testcase name="MouseHover" time="1.911" classname="com.TestCases.LoginPageTest"/>
  <testcase name="RegisterElementPresent" time="2.164" classname="com.TestCases.RegisterPageTest"/>
  <testcase name="Editable" time="6.9" classname="com.TestCases.SearchPageTest"/>
  <testcase name="AssertText" time="2.946" classname="com.TestCases.DeveloperPageTest"/>
  <testcase name="loginTest" time="2.501" classname="com.TestCases.LoginPageTest"/>
  <testcase name="Editable" time="3.042" classname="com.TestCases.RegisterPageTest"/>
  <testcase name="MouseHover" time="6.373" classname="com.TestCases.SearchPageTest"/>
  <testcase name="CheckPassword" time="2.492" classname="com.TestCases.LoginPageTest"/>
  <testcase name="registerTest" time="5.781" classname="com.TestCases.RegisterPageTest"/>
  <testcase name="SearchTest" time="15.152" classname="com.TestCases.SearchPageTest"/>
  <testcase name="OpenHomePage" time="3.278" classname="com.TestCases.LoginPageTest"/>
  <testcase name="sameUsername" time="3.885" classname="com.TestCases.RegisterPageTest">
    <failure type="org.openqa.selenium.UnhandledAlertException" message="unexpected alert open: {Alert text : username already exists,please try another}
  (Session info: chrome=96.0.4664.110): username already exists,please try another
Build info: version: &amp;apos;4.1.0&amp;apos;, revision: &amp;apos;87802e897b&amp;apos;
System info: host: &amp;apos;HJNZL002173&amp;apos;, ip: &amp;apos;192.168.31.7&amp;apos;, os.name: &amp;apos;Windows 10&amp;apos;, os.arch: &amp;apos;amd64&amp;apos;, os.version: &amp;apos;10.0&amp;apos;, java.version: &amp;apos;1.8.0_92&amp;apos;
Driver info: org.openqa.selenium.chrome.ChromeDriver
Command: [5883c7ee5aff6353e2180693b477c9c0, screenshot {}]
Capabilities {acceptInsecureCerts: false, browserName: chrome, browserVersion: 96.0.4664.110, chrome: {chromedriverVersion: 96.0.4664.45 (76e4c1bb2ab46..., userDataDir: C:\Users\AKSHAT~1\AppData\L...}, goog:chromeOptions: {debuggerAddress: localhost:62016}, javascriptEnabled: true, networkConnectionEnabled: false, pageLoadStrategy: normal, platform: WINDOWS, platformName: WINDOWS, proxy: Proxy(), se:cdp: ws://localhost:62016/devtoo..., se:cdpVersion: 96.0.4664.110, setWindowRect: true, strictFileInteractability: false, timeouts: {implicit: 0, pageLoad: 300000, script: 30000}, unhandledPromptBehavior: dismiss and notify, webauthn:extension:credBlob: true, webauthn:extension:largeBlob: true, webauthn:virtualAuthenticators: true}
Session ID: 5883c7ee5aff6353e2180693b477c9c0">
      <![CDATA[org.openqa.selenium.UnhandledAlertException: unexpected alert open: {Alert text : username already exists,please try another}
  (Session info: chrome=96.0.4664.110): username already exists,please try another
Build info: version: '4.1.0', revision: '87802e897b'
System info: host: 'HJNZL002173', ip: '192.168.31.7', os.name: 'Windows 10', os.arch: 'amd64', os.version: '10.0', java.version: '1.8.0_92'
Driver info: org.openqa.selenium.chrome.ChromeDriver
Command: [5883c7ee5aff6353e2180693b477c9c0, screenshot {}]
Capabilities {acceptInsecureCerts: false, browserName: chrome, browserVersion: 96.0.4664.110, chrome: {chromedriverVersion: 96.0.4664.45 (76e4c1bb2ab46..., userDataDir: C:\Users\AKSHAT~1\AppData\L...}, goog:chromeOptions: {debuggerAddress: localhost:62016}, javascriptEnabled: true, networkConnectionEnabled: false, pageLoadStrategy: normal, platform: WINDOWS, platformName: WINDOWS, proxy: Proxy(), se:cdp: ws://localhost:62016/devtoo..., se:cdpVersion: 96.0.4664.110, setWindowRect: true, strictFileInteractability: false, timeouts: {implicit: 0, pageLoad: 300000, script: 30000}, unhandledPromptBehavior: dismiss and notify, webauthn:extension:credBlob: true, webauthn:extension:largeBlob: true, webauthn:virtualAuthenticators: true}
Session ID: 5883c7ee5aff6353e2180693b477c9c0
	at org.openqa.selenium.remote.codec.w3c.W3CHttpResponseCodec.decode(W3CHttpResponseCodec.java:131)
	at org.openqa.selenium.remote.codec.w3c.W3CHttpResponseCodec.decode(W3CHttpResponseCodec.java:53)
	at org.openqa.selenium.remote.HttpCommandExecutor.execute(HttpCommandExecutor.java:184)
	at org.openqa.selenium.remote.service.DriverCommandExecutor.invokeExecute(DriverCommandExecutor.java:164)
	at org.openqa.selenium.remote.service.DriverCommandExecutor.execute(DriverCommandExecutor.java:139)
	at org.openqa.selenium.remote.RemoteWebDriver.execute(RemoteWebDriver.java:559)
	at org.openqa.selenium.remote.RemoteWebDriver.execute(RemoteWebDriver.java:614)
	at org.openqa.selenium.remote.RemoteWebDriver.execute(RemoteWebDriver.java:618)
	at org.openqa.selenium.remote.RemoteWebDriver.getScreenshotAs(RemoteWebDriver.java:349)
	at com.baseClass.Helper.captureScreenshot(Helper.java:14)
	at com.TestCases.RegisterPageTest.sameUsername(RegisterPageTest.java:240)
... Removed 35 stack frames]]>
    </failure>
  </testcase> <!-- sameUsername -->
</testsuite> <!-- Command line test -->
