<html>
<head>
<title>TestNG:  Command line test</title>
<link href="../testng.css" rel="stylesheet" type="text/css" />
<link href="../my-testng.css" rel="stylesheet" type="text/css" />

<style type="text/css">
.log { display: none;} 
.stack-trace { display: none;} 
</style>
<script type="text/javascript">
<!--
function flip(e) {
  current = e.style.display;
  if (current == 'block') {
    e.style.display = 'none';
    return 0;
  }
  else {
    e.style.display = 'block';
    return 1;
  }
}

function toggleBox(szDivId, elem, msg1, msg2)
{
  var res = -1;  if (document.getElementById) {
    res = flip(document.getElementById(szDivId));
  }
  else if (document.all) {
    // this is the way old msie versions work
    res = flip(document.all[szDivId]);
  }
  if(elem) {
    if(res == 0) elem.innerHTML = msg1; else elem.innerHTML = msg2;
  }

}

function toggleAllBoxes() {
  if (document.getElementsByTagName) {
    d = document.getElementsByTagName('div');
    for (i = 0; i < d.length; i++) {
      if (d[i].className == 'log') {
        flip(d[i]);
      }
    }
  }
}

// -->
</script>

</head>
<body>
<h2 align='center'>Command line test</h2><table border='1' align="center">
<tr>
<td>Tests passed/Failed/Skipped:</td><td>20/1/0</td>
</tr><tr>
<td>Started on:</td><td>Sat Dec 18 15:35:31 IST 2021</td>
</tr>
<tr><td>Total time:</td><td>118 seconds (118631 ms)</td>
</tr><tr>
<td>Included groups:</td><td></td>
</tr><tr>
<td>Excluded groups:</td><td></td>
</tr>
</table><p/>
<small><i>(Hover the method name to see the test class name)</i></small><p/>
<table width='100%' border='1' class='invocation-failed'>
<tr><td colspan='4' align='center'><b>FAILED TESTS</b></td></tr>
<tr><td><b>Test method</b></td>
<td width="30%"><b>Exception</b></td>
<td width="10%"><b>Time (seconds)</b></td>
<td><b>Instance</b></td>
</tr>
<tr>
<td title='com.TestCases.RegisterPageTest.sameUsername()'><b>sameUsername</b><br>Test class: com.TestCases.RegisterPageTest</td>
<td><div><pre>org.openqa.selenium.UnhandledAlertException: unexpected alert open: {Alert text : username already exists,please try another}
  (Session info: chrome=96.0.4664.110): username already exists,please try another
Build info: version: &apos;4.1.0&apos;, revision: &apos;87802e897b&apos;
System info: host: &apos;HJNZL002173&apos;, ip: &apos;192.168.31.7&apos;, os.name: &apos;Windows 10&apos;, os.arch: &apos;amd64&apos;, os.version: &apos;10.0&apos;, java.version: &apos;1.8.0_92&apos;
Driver info: org.openqa.selenium.chrome.ChromeDriver
Command: [5883c7ee5aff6353e2180693b477c9c0, screenshot {}]
Capabilities {acceptInsecureCerts: false, browserName: chrome, browserVersion: 96.0.4664.110, chrome: {chromedriverVersion: 96.0.4664.45 (76e4c1bb2ab46..., userDataDir: C:\Users\AKSHAT~1\AppData\L...}, goog:chromeOptions: {debuggerAddress: localhost:62016}, javascriptEnabled: true, networkConnectionEnabled: false, pageLoadStrategy: normal, platform: WINDOWS, platformName: WINDOWS, proxy: Proxy(), se:cdp: ws://localhost:62016/devtoo..., se:cdpVersion: 96.0.4664.110, setWindowRect: true, strictFileInteractability: false, timeouts: {implicit: 0, pageLoad: 300000, script: 30000}, unhandledPromptBehavior: dismiss and notify, webauthn:extension:credBlob: true, webauthn:extension:largeBlob: true, webauthn:virtualAuthenticators: true}
Session ID: 5883c7ee5aff6353e2180693b477c9c0
	at org.openqa.selenium.remote.codec.w3c.W3CHttpResponseCodec.decode(W3CHttpResponseCodec.java:131)
	at org.openqa.selenium.remote.codec.w3c.W3CHttpResponseCodec.decode(W3CHttpResponseCodec.java:53)
	at org.openqa.selenium.remote.HttpCommandExecutor.execute(HttpCommandExecutor.java:184)
	at org.openqa.selenium.remote.service.DriverCommandExecutor.invokeExecute(DriverCommandExecutor.java:164)
	at org.openqa.selenium.remote.service.DriverCommandExecutor.execute(DriverCommandExecutor.java:139)
	at org.openqa.selenium.remote.RemoteWebDriver.execute(RemoteWebDriver.java:559)
	at org.openqa.selenium.remote.RemoteWebDriver.execute(RemoteWebDriver.java:614)
	at org.openqa.selenium.remote.RemoteWebDriver.execute(RemoteWebDriver.java:618)
	at org.openqa.selenium.remote.RemoteWebDriver.getScreenshotAs(RemoteWebDriver.java:349)
	at com.baseClass.Helper.captureScreenshot(Helper.java:14)
	at com.TestCases.RegisterPageTest.sameUsername(RegisterPageTest.java:240)
... Removed 35 stack frames</pre></div><a href='#' onClick='toggleBox("stack-trace509104428", this, "Click to show all stack frames", "Click to hide stack frames")'>Click to show all stack frames</a>
<div class='stack-trace' id='stack-trace509104428'><pre>org.openqa.selenium.UnhandledAlertException: unexpected alert open: {Alert text : username already exists,please try another}
  (Session info: chrome=96.0.4664.110): username already exists,please try another
Build info: version: &apos;4.1.0&apos;, revision: &apos;87802e897b&apos;
System info: host: &apos;HJNZL002173&apos;, ip: &apos;192.168.31.7&apos;, os.name: &apos;Windows 10&apos;, os.arch: &apos;amd64&apos;, os.version: &apos;10.0&apos;, java.version: &apos;1.8.0_92&apos;
Driver info: org.openqa.selenium.chrome.ChromeDriver
Command: [5883c7ee5aff6353e2180693b477c9c0, screenshot {}]
Capabilities {acceptInsecureCerts: false, browserName: chrome, browserVersion: 96.0.4664.110, chrome: {chromedriverVersion: 96.0.4664.45 (76e4c1bb2ab46..., userDataDir: C:\Users\AKSHAT~1\AppData\L...}, goog:chromeOptions: {debuggerAddress: localhost:62016}, javascriptEnabled: true, networkConnectionEnabled: false, pageLoadStrategy: normal, platform: WINDOWS, platformName: WINDOWS, proxy: Proxy(), se:cdp: ws://localhost:62016/devtoo..., se:cdpVersion: 96.0.4664.110, setWindowRect: true, strictFileInteractability: false, timeouts: {implicit: 0, pageLoad: 300000, script: 30000}, unhandledPromptBehavior: dismiss and notify, webauthn:extension:credBlob: true, webauthn:extension:largeBlob: true, webauthn:virtualAuthenticators: true}
Session ID: 5883c7ee5aff6353e2180693b477c9c0
	at org.openqa.selenium.remote.codec.w3c.W3CHttpResponseCodec.decode(W3CHttpResponseCodec.java:131)
	at org.openqa.selenium.remote.codec.w3c.W3CHttpResponseCodec.decode(W3CHttpResponseCodec.java:53)
	at org.openqa.selenium.remote.HttpCommandExecutor.execute(HttpCommandExecutor.java:184)
	at org.openqa.selenium.remote.service.DriverCommandExecutor.invokeExecute(DriverCommandExecutor.java:164)
	at org.openqa.selenium.remote.service.DriverCommandExecutor.execute(DriverCommandExecutor.java:139)
	at org.openqa.selenium.remote.RemoteWebDriver.execute(RemoteWebDriver.java:559)
	at org.openqa.selenium.remote.RemoteWebDriver.execute(RemoteWebDriver.java:614)
	at org.openqa.selenium.remote.RemoteWebDriver.execute(RemoteWebDriver.java:618)
	at org.openqa.selenium.remote.RemoteWebDriver.getScreenshotAs(RemoteWebDriver.java:349)
	at com.baseClass.Helper.captureScreenshot(Helper.java:14)
	at com.TestCases.RegisterPageTest.sameUsername(RegisterPageTest.java:240)
	at sun.reflect.NativeMethodAccessorImpl.invoke0(Native Method)
	at sun.reflect.NativeMethodAccessorImpl.invoke(NativeMethodAccessorImpl.java:62)
	at sun.reflect.DelegatingMethodAccessorImpl.invoke(DelegatingMethodAccessorImpl.java:43)
	at java.lang.reflect.Method.invoke(Method.java:498)
	at org.testng.internal.MethodInvocationHelper.invokeMethod(MethodInvocationHelper.java:108)
	at org.testng.internal.Invoker.invokeMethod(Invoker.java:661)
	at org.testng.internal.Invoker.invokeTestMethod(Invoker.java:869)
	at org.testng.internal.Invoker.invokeTestMethods(Invoker.java:1193)
	at org.testng.internal.TestMethodWorker.invokeTestMethods(TestMethodWorker.java:126)
	at org.testng.internal.TestMethodWorker.run(TestMethodWorker.java:109)
	at org.testng.TestRunner.privateRun(TestRunner.java:744)
	at org.testng.TestRunner.run(TestRunner.java:602)
	at org.testng.SuiteRunner.runTest(SuiteRunner.java:380)
	at org.testng.SuiteRunner.runSequentially(SuiteRunner.java:375)
	at org.testng.SuiteRunner.privateRun(SuiteRunner.java:340)
	at org.testng.SuiteRunner.run(SuiteRunner.java:289)
	at org.testng.SuiteRunnerWorker.runSuite(SuiteRunnerWorker.java:52)
	at org.testng.SuiteRunnerWorker.run(SuiteRunnerWorker.java:86)
	at org.testng.TestNG.runSuitesSequentially(TestNG.java:1301)
	at org.testng.TestNG.runSuitesLocally(TestNG.java:1226)
	at org.testng.TestNG.runSuites(TestNG.java:1144)
	at org.testng.TestNG.run(TestNG.java:1115)
	at org.apache.maven.surefire.testng.TestNGExecutor.run(TestNGExecutor.java:77)
	at org.apache.maven.surefire.testng.TestNGDirectoryTestSuite.executeMulti(TestNGDirectoryTestSuite.java:159)
	at org.apache.maven.surefire.testng.TestNGDirectoryTestSuite.execute(TestNGDirectoryTestSuite.java:99)
	at org.apache.maven.surefire.testng.TestNGProvider.invoke(TestNGProvider.java:106)
	at sun.reflect.NativeMethodAccessorImpl.invoke0(Native Method)
	at sun.reflect.NativeMethodAccessorImpl.invoke(NativeMethodAccessorImpl.java:62)
	at sun.reflect.DelegatingMethodAccessorImpl.invoke(DelegatingMethodAccessorImpl.java:43)
	at java.lang.reflect.Method.invoke(Method.java:498)
	at org.apache.maven.surefire.util.ReflectionUtils.invokeMethodWithArray(ReflectionUtils.java:189)
	at org.apache.maven.surefire.booter.ProviderFactory$ProviderProxy.invoke(ProviderFactory.java:165)
	at org.apache.maven.surefire.booter.ProviderFactory.invokeProvider(ProviderFactory.java:85)
	at org.apache.maven.surefire.booter.ForkedBooter.runSuitesInProcess(ForkedBooter.java:115)
	at org.apache.maven.surefire.booter.ForkedBooter.main(ForkedBooter.java:75)
</pre></div></td>
<td>3</td>
<td>com.TestCases.RegisterPageTest@e6516e</td></tr>
</table><p>
<table width='100%' border='1' class='invocation-passed'>
<tr><td colspan='4' align='center'><b>PASSED TESTS</b></td></tr>
<tr><td><b>Test method</b></td>
<td width="30%"><b>Exception</b></td>
<td width="10%"><b>Time (seconds)</b></td>
<td><b>Instance</b></td>
</tr>
<tr>
<td title='com.TestCases.GraphPageTest.AssertText()'><b>AssertText</b><br>Test class: com.TestCases.GraphPageTest</td>
<td></td>
<td>11</td>
<td>com.TestCases.GraphPageTest@2f4854d6</td></tr>
<tr>
<td title='com.TestCases.SearchPageTest.AssertText()'><b>AssertText</b><br>Test class: com.TestCases.SearchPageTest</td>
<td></td>
<td>8</td>
<td>com.TestCases.SearchPageTest@6de54b40</td></tr>
<tr>
<td title='com.TestCases.HomePageTest.AssertText()'><b>AssertText</b><br>Test class: com.TestCases.HomePageTest</td>
<td></td>
<td>1</td>
<td>com.TestCases.HomePageTest@61d9efe0</td></tr>
<tr>
<td title='com.TestCases.DeveloperPageTest.AssertText()'><b>AssertText</b><br>Test class: com.TestCases.DeveloperPageTest</td>
<td></td>
<td>2</td>
<td>com.TestCases.DeveloperPageTest@7eb01b12</td></tr>
<tr>
<td title='com.TestCases.LoginPageTest.CheckPassword()'><b>CheckPassword</b><br>Test class: com.TestCases.LoginPageTest</td>
<td></td>
<td>2</td>
<td>com.TestCases.LoginPageTest@7e70bd39</td></tr>
<tr>
<td title='com.TestCases.LoginPageTest.Editable()'><b>Editable</b><br>Test class: com.TestCases.LoginPageTest</td>
<td></td>
<td>2</td>
<td>com.TestCases.LoginPageTest@7e70bd39</td></tr>
<tr>
<td title='com.TestCases.SearchPageTest.Editable()'><b>Editable</b><br>Test class: com.TestCases.SearchPageTest</td>
<td></td>
<td>6</td>
<td>com.TestCases.SearchPageTest@6de54b40</td></tr>
<tr>
<td title='com.TestCases.RegisterPageTest.Editable()'><b>Editable</b><br>Test class: com.TestCases.RegisterPageTest</td>
<td></td>
<td>3</td>
<td>com.TestCases.RegisterPageTest@e6516e</td></tr>
<tr>
<td title='com.TestCases.RegisterPageTest.EditableLogin()'><b>EditableLogin</b><br>Test class: com.TestCases.RegisterPageTest</td>
<td></td>
<td>2</td>
<td>com.TestCases.RegisterPageTest@e6516e</td></tr>
<tr>
<td title='com.TestCases.HomePageTest.MousHover()'><b>MousHover</b><br>Test class: com.TestCases.HomePageTest</td>
<td></td>
<td>4</td>
<td>com.TestCases.HomePageTest@61d9efe0</td></tr>
<tr>
<td title='com.TestCases.DeveloperPageTest.MousHover()'><b>MousHover</b><br>Test class: com.TestCases.DeveloperPageTest</td>
<td></td>
<td>3</td>
<td>com.TestCases.DeveloperPageTest@7eb01b12</td></tr>
<tr>
<td title='com.TestCases.LoginPageTest.MouseHover()'><b>MouseHover</b><br>Test class: com.TestCases.LoginPageTest</td>
<td></td>
<td>1</td>
<td>com.TestCases.LoginPageTest@7e70bd39</td></tr>
<tr>
<td title='com.TestCases.SearchPageTest.MouseHover()'><b>MouseHover</b><br>Test class: com.TestCases.SearchPageTest</td>
<td></td>
<td>6</td>
<td>com.TestCases.SearchPageTest@6de54b40</td></tr>
<tr>
<td title='com.TestCases.LoginPageTest.OpenHomePage()'><b>OpenHomePage</b><br>Test class: com.TestCases.LoginPageTest</td>
<td></td>
<td>3</td>
<td>com.TestCases.LoginPageTest@7e70bd39</td></tr>
<tr>
<td title='com.TestCases.RegisterPageTest.RegisterElementPresent()'><b>RegisterElementPresent</b><br>Test class: com.TestCases.RegisterPageTest</td>
<td></td>
<td>2</td>
<td>com.TestCases.RegisterPageTest@e6516e</td></tr>
<tr>
<td title='com.TestCases.SearchPageTest.SearchTest()'><b>SearchTest</b><br>Test class: com.TestCases.SearchPageTest</td>
<td></td>
<td>15</td>
<td>com.TestCases.SearchPageTest@6de54b40</td></tr>
<tr>
<td title='com.TestCases.GraphPageTest.clickButton()'><b>clickButton</b><br>Test class: com.TestCases.GraphPageTest</td>
<td></td>
<td>9</td>
<td>com.TestCases.GraphPageTest@2f4854d6</td></tr>
<tr>
<td title='com.TestCases.DeveloperPageTest.developerTest()'><b>developerTest</b><br>Test class: com.TestCases.DeveloperPageTest</td>
<td></td>
<td>7</td>
<td>com.TestCases.DeveloperPageTest@7eb01b12</td></tr>
<tr>
<td title='com.TestCases.LoginPageTest.loginTest()'><b>loginTest</b><br>Test class: com.TestCases.LoginPageTest</td>
<td></td>
<td>2</td>
<td>com.TestCases.LoginPageTest@7e70bd39</td></tr>
<tr>
<td title='com.TestCases.RegisterPageTest.registerTest()'><b>registerTest</b><br>Test class: com.TestCases.RegisterPageTest</td>
<td></td>
<td>5</td>
<td>com.TestCases.RegisterPageTest@e6516e</td></tr>
</table><p>
</body>
</html>